<?xml version="1.0" encoding="UTF-8"?>
<!-- Generated by org.testng.reporters.JUnitXMLReporter -->
<testsuite hostname="NYCxaxSKashem" ignored="0" name="Maven_Selenium_Automation" tests="1" failures="0" timestamp="19 May 2018 18:18:03 GMT" time="0.156" errors="0">
  <testcase name="@BeforeMethod openBrowser" time="0.0" classname="day12_XmlSuite_05192018.Parallel_Testing">
    <failure type="org.testng.TestNGException" message="
Parameter &amp;apos;browser&amp;apos; is required by BeforeMethod on method openBrowser but has not been marked @Optional or defined
in C:\Users\sumon.kashem\.IdeaIC2017.1\system\temp-testng-customsuite.xml">
      <![CDATA[org.testng.TestNGException: 
Parameter 'browser' is required by BeforeMethod on method openBrowser but has not been marked @Optional or defined
in C:\Users\sumon.kashem\.IdeaIC2017.1\system\temp-testng-customsuite.xml
... Removed 24 stack frames]]>
    </failure>
  </testcase> <!-- @BeforeMethod openBrowser -->
  <testcase name="@AfterMethod closeBrowser" time="0.0" classname="day12_XmlSuite_05192018.Parallel_Testing">
    <skipped/>
  </testcase> <!-- @AfterMethod closeBrowser -->
  <testcase name="testScenario" time="0.0" classname="day12_XmlSuite_05192018.Parallel_Testing">
    <skipped/>
  </testcase> <!-- testScenario -->
</testsuite> <!-- Maven_Selenium_Automation -->
